{"name": "test_choose_black_color", "status": "failed", "statusDetails": {"message": "AssertionError: assert 500 == 201\n +  where 500 = <Response [500]>.status_code", "trace": "self = <tests.test_make_order.TestMakeOrder object at 0x10317ec50>, black_color_scooter_order = <Response [500]>\n\n    @allure.step('Check can choose black color for scooter')\n    def test_choose_black_color(self, black_color_scooter_order):\n>       assert black_color_scooter_order.status_code == 201\nE       assert 500 == 201\nE        +  where 500 = <Response [500]>.status_code\n\ntests/test_make_order.py:16: AssertionError"}, "steps": [{"name": "Check can choose black color for scooter", "status": "failed", "statusDetails": {"message": "AssertionError: assert 500 == 201\n +  where 500 = <Response [500]>.status_code\n", "trace": "  File \"/Library/Frameworks/Python.framework/Versions/3.11/lib/python3.11/site-packages/allure_commons/_allure.py\", line 192, in impl\n    return func(*a, **kw)\n           ^^^^^^^^^^^^^^\n  File \"/Users/almihalev/yandex/practicum_qa_python_sprints/Sprint_7_qa_python/tests/test_make_order.py\", line 16, in test_choose_black_color\n    assert black_color_scooter_order.status_code == 201\n"}, "parameters": [{"name": "black_color_scooter_order", "value": "<Response [500]>"}], "start": 1701261854619, "stop": 1701261854620}], "start": 1701261854619, "stop": 1701261854622, "uuid": "c4746458-b7ed-400b-b2f2-6cd699433bc4", "historyId": "b2edfc9f042e53c8daeec6a41e70b311", "testCaseId": "b2edfc9f042e53c8daeec6a41e70b311", "fullName": "tests.test_make_order.TestMakeOrder#test_choose_black_color", "labels": [{"name": "parentSuite", "value": "tests"}, {"name": "suite", "value": "test_make_order"}, {"name": "subSuite", "value": "TestMakeOrder"}, {"name": "host", "value": "MacBook-Air-Aleksej.local"}, {"name": "thread", "value": "57046-MainThread"}, {"name": "framework", "value": "pytest"}, {"name": "language", "value": "cpython3"}, {"name": "package", "value": "tests.test_make_order"}]}