{"name": "test_courier_authorisation", "status": "failed", "statusDetails": {"message": "AssertionError: assert 404 == 200\n +  where 404 = <Response [404]>.status_code", "trace": "self = <tests.test_login_courier.TestLoginCourier object at 0x102d77b90>\n\n    @allure.step('Check courier authorisation')\n    def test_courier_authorisation(self):\n        response = requests.post(f\"{Urls.HOME_URL}{Handlers.LOGIN_COURIER}\",\n                                 data=TestLoginCourier.data)\n>       assert response.status_code == 200\nE       assert 404 == 200\nE        +  where 404 = <Response [404]>.status_code\n\ntests/test_login_courier.py:30: AssertionError"}, "steps": [{"name": "Check courier authorisation", "status": "failed", "statusDetails": {"message": "AssertionError: assert 404 == 200\n +  where 404 = <Response [404]>.status_code\n", "trace": "  File \"/Users/almihalev/yandex/practicum_qa_python_sprints/Sprint_7_qa_python/venv/lib/python3.11/site-packages/allure_commons/_allure.py\", line 192, in impl\n    return func(*a, **kw)\n           ^^^^^^^^^^^^^^\n  File \"/Users/almihalev/yandex/practicum_qa_python_sprints/Sprint_7_qa_python/tests/test_login_courier.py\", line 30, in test_courier_authorisation\n    assert response.status_code == 200\n"}, "start": 1701267707413, "stop": 1701267707603}], "start": 1701267707413, "stop": 1701267707606, "uuid": "7b401309-c309-4b42-8923-feee7278dbd7", "historyId": "54eae99abf9720d4edf2b9b3abef7763", "testCaseId": "54eae99abf9720d4edf2b9b3abef7763", "fullName": "tests.test_login_courier.TestLoginCourier#test_courier_authorisation", "labels": [{"name": "parentSuite", "value": "tests"}, {"name": "suite", "value": "test_login_courier"}, {"name": "subSuite", "value": "TestLoginCourier"}, {"name": "host", "value": "MacBook-Air-Aleksej.local"}, {"name": "thread", "value": "57930-MainThread"}, {"name": "framework", "value": "pytest"}, {"name": "language", "value": "cpython3"}, {"name": "package", "value": "tests.test_login_courier"}]}