{"name": "test_authorisation_with_not_all_date[imprzhbkoz-kzcsrzslkc-]", "status": "failed", "statusDetails": {"message": "AssertionError: Courier created with not all data\nassert 409 == 400\n +  where 409 = <Response [409]>.status_code", "trace": "self = <tests.test_create_courier.TestCreateCourier object at 0x102d7d650>, login = 'imprzhbkoz', password = 'kzcsrzslkc'\nfirstName = ''\n\n    @pytest.mark.parametrize('login, password, firstName',\n                        [\n                            ('', gen_data()[1], gen_data()[2]),\n                            (gen_data()[0], '', gen_data()[2]),\n                            (gen_data()[0], gen_data()[1], ''),\n                            ('', '', '')\n                        ]\n                        )\n    @allure.step('Check authorisation with not all date')\n    def test_authorisation_with_not_all_date(self, login, password, firstName):\n        negative_auth_data = {'login': login, 'password': password,\n                              'firstName': firstName}\n    \n        response = requests.post(f\"{Urls.HOME_URL}{Handlers.CREATE_COURIER}\", \\\n                                 data=negative_auth_data)\n>       assert response.status_code == 400, \"Courier created with not all data\"\nE       AssertionError: Courier created with not all data\nE       assert 409 == 400\nE        +  where 409 = <Response [409]>.status_code\n\ntests/test_create_courier.py:46: AssertionError"}, "steps": [{"name": "Check authorisation with not all date", "status": "failed", "statusDetails": {"message": "AssertionError: Courier created with not all data\nassert 409 == 400\n +  where 409 = <Response [409]>.status_code\n", "trace": "  File \"/Users/almihalev/yandex/practicum_qa_python_sprints/Sprint_7_qa_python/venv/lib/python3.11/site-packages/allure_commons/_allure.py\", line 192, in impl\n    return func(*a, **kw)\n           ^^^^^^^^^^^^^^\n  File \"/Users/almihalev/yandex/practicum_qa_python_sprints/Sprint_7_qa_python/tests/test_create_courier.py\", line 46, in test_authorisation_with_not_all_date\n    assert response.status_code == 400, \"Courier created with not all data\"\n"}, "parameters": [{"name": "login", "value": "'imprzhbkoz'"}, {"name": "password", "value": "'kzcsrzslkc'"}, {"name": "firstName", "value": "''"}], "start": 1701267705358, "stop": 1701267705536}], "parameters": [{"name": "login", "value": "'imprzhbkoz'"}, {"name": "password", "value": "'kzcsrzslkc'"}, {"name": "firstName", "value": "''"}], "start": 1701267705358, "stop": 1701267705538, "uuid": "679b11d9-3440-49f4-87da-e96a280a3158", "historyId": "c2163a7cfef71e7a3480561ca32c8252", "testCaseId": "4bb7d8132bf5b5d4a902d94e522b2e4b", "fullName": "tests.test_create_courier.TestCreateCourier#test_authorisation_with_not_all_date", "labels": [{"name": "parentSuite", "value": "tests"}, {"name": "suite", "value": "test_create_courier"}, {"name": "subSuite", "value": "TestCreateCourier"}, {"name": "host", "value": "MacBook-Air-Aleksej.local"}, {"name": "thread", "value": "57930-MainThread"}, {"name": "framework", "value": "pytest"}, {"name": "language", "value": "cpython3"}, {"name": "package", "value": "tests.test_create_courier"}]}