{"name": "test_choose_black_color", "status": "failed", "statusDetails": {"message": "AssertionError: assert 500 == 201\n +  where 500 = <Response [500]>.status_code", "trace": "self = <tests.test_make_order.TestMakeOrder object at 0x102d7fad0>, black_color_scooter_order = <Response [500]>\n\n    @allure.step('Check can choose black color for scooter')\n    def test_choose_black_color(self, black_color_scooter_order):\n>       assert black_color_scooter_order.status_code == 201\nE       assert 500 == 201\nE        +  where 500 = <Response [500]>.status_code\n\ntests/test_make_order.py:16: AssertionError"}, "steps": [{"name": "Check can choose black color for scooter", "status": "failed", "statusDetails": {"message": "AssertionError: assert 500 == 201\n +  where 500 = <Response [500]>.status_code\n", "trace": "  File \"/Users/almihalev/yandex/practicum_qa_python_sprints/Sprint_7_qa_python/venv/lib/python3.11/site-packages/allure_commons/_allure.py\", line 192, in impl\n    return func(*a, **kw)\n           ^^^^^^^^^^^^^^\n  File \"/Users/almihalev/yandex/practicum_qa_python_sprints/Sprint_7_qa_python/tests/test_make_order.py\", line 16, in test_choose_black_color\n    assert black_color_scooter_order.status_code == 201\n"}, "parameters": [{"name": "black_color_scooter_order", "value": "<Response [500]>"}], "start": 1701267713421, "stop": 1701267713421}], "start": 1701267713421, "stop": 1701267713424, "uuid": "86a06018-c7b5-45c6-b5e0-739a84d462b2", "historyId": "b2edfc9f042e53c8daeec6a41e70b311", "testCaseId": "b2edfc9f042e53c8daeec6a41e70b311", "fullName": "tests.test_make_order.TestMakeOrder#test_choose_black_color", "labels": [{"name": "parentSuite", "value": "tests"}, {"name": "suite", "value": "test_make_order"}, {"name": "subSuite", "value": "TestMakeOrder"}, {"name": "host", "value": "MacBook-Air-Aleksej.local"}, {"name": "thread", "value": "57930-MainThread"}, {"name": "framework", "value": "pytest"}, {"name": "language", "value": "cpython3"}, {"name": "package", "value": "tests.test_make_order"}]}