{"name": "test_choose_grey_color", "status": "failed", "statusDetails": {"message": "AssertionError: assert 500 == 201\n +  where 500 = <Response [500]>.status_code", "trace": "self = <tests.test_make_order.TestMakeOrder object at 0x102d7f490>, grey_color_scooter_order = <Response [500]>\n\n    @allure.step('Check can choose grey color for scooter')\n    def test_choose_grey_color(self, grey_color_scooter_order):\n>       assert grey_color_scooter_order.status_code == 201\nE       assert 500 == 201\nE        +  where 500 = <Response [500]>.status_code\n\ntests/test_make_order.py:20: AssertionError"}, "steps": [{"name": "Check can choose grey color for scooter", "status": "failed", "statusDetails": {"message": "AssertionError: assert 500 == 201\n +  where 500 = <Response [500]>.status_code\n", "trace": "  File \"/Users/almihalev/yandex/practicum_qa_python_sprints/Sprint_7_qa_python/venv/lib/python3.11/site-packages/allure_commons/_allure.py\", line 192, in impl\n    return func(*a, **kw)\n           ^^^^^^^^^^^^^^\n  File \"/Users/almihalev/yandex/practicum_qa_python_sprints/Sprint_7_qa_python/tests/test_make_order.py\", line 20, in test_choose_grey_color\n    assert grey_color_scooter_order.status_code == 201\n"}, "parameters": [{"name": "grey_color_scooter_order", "value": "<Response [500]>"}], "start": 1701267713678, "stop": 1701267713679}], "start": 1701267713678, "stop": 1701267713679, "uuid": "63c11433-dd30-4909-826d-ca33fc7b51cb", "historyId": "9e66cd899fc01b9c6c56d63b73bdad33", "testCaseId": "9e66cd899fc01b9c6c56d63b73bdad33", "fullName": "tests.test_make_order.TestMakeOrder#test_choose_grey_color", "labels": [{"name": "parentSuite", "value": "tests"}, {"name": "suite", "value": "test_make_order"}, {"name": "subSuite", "value": "TestMakeOrder"}, {"name": "host", "value": "MacBook-Air-Aleksej.local"}, {"name": "thread", "value": "57930-MainThread"}, {"name": "framework", "value": "pytest"}, {"name": "language", "value": "cpython3"}, {"name": "package", "value": "tests.test_make_order"}]}